app/build/outputs/mapping/release/seeds.txt
com.lavacrafter.maptimelinetool.R$string
com.lavacrafter.maptimelinetool.ui.AddPointDialogKt$AddPointDialog$5
com.lavacrafter.maptimelinetool.ui.HeadingLocationOverlay
com.lavacrafter.maptimelinetool.data.PointDao_Impl$2
com.lavacrafter.maptimelinetool.MainActivity$onCreate$1$1$3
com.lavacrafter.maptimelinetool.ui.AppViewModel$deletePoint$1
com.lavacrafter.maptimelinetool.ui.MapScreenKt$MapScreen$7
com.lavacrafter.maptimelinetool.ui.MapScreenKt$MapScreen$5$1
com.lavacrafter.maptimelinetool.ComposableSingletons$MainActivityKt$lambda-9$1
com.lavacrafter.maptimelinetool.ui.MapScreenKt$MapScreen$9
com.lavacrafter.maptimelinetool.ui.ComposableSingletons$AddPointDialogKt$lambda-5$1
com.lavacrafter.maptimelinetool.ui.ComposableSingletons$AddPointDialogKt$lambda-4$1
com.lavacrafter.maptimelinetool.ui.ListScreenKt$ListScreen$1$invoke$$inlined$items$default$3
com.lavacrafter.maptimelinetool.ui.ListScreenKt
com.lavacrafter.maptimelinetool.MainActivity$onCreate$1$1$4$1$1
com.lavacrafter.maptimelinetool.notification.QuickAddService$Companion
com.lavacrafter.maptimelinetool.data.PointEntity
com.lavacrafter.maptimelinetool.ui.AddPointDialogKt$AddPointDialog$4$1$3$1
com.lavacrafter.maptimelinetool.ui.AddPointDialogKt$AddPointDialog$4
com.lavacrafter.maptimelinetool.notification.QuickAddReceiver
com.lavacrafter.maptimelinetool.ui.theme.ThemeKt$MapTimelineToolTheme$1
com.lavacrafter.maptimelinetool.ui.SettingsScreenKt$SettingsScreen$2
com.lavacrafter.maptimelinetool.data.PointDao_Impl$3
com.lavacrafter.maptimelinetool.ui.AppViewModel
com.lavacrafter.maptimelinetool.MainActivityKt
com.lavacrafter.maptimelinetool.ui.SettingsScreenKt
com.lavacrafter.maptimelinetool.MainActivity$onCreate$1$1$exportCsv$1$1
com.lavacrafter.maptimelinetool.MainActivity$onCreate$1$1$4$1$4$1
com.lavacrafter.maptimelinetool.ui.ComposableSingletons$AddPointDialogKt$lambda-3$1
com.lavacrafter.maptimelinetool.data.AppDatabase_Impl$1
com.lavacrafter.maptimelinetool.ui.ListScreenKt$ListScreen$1$invoke$$inlined$items$default$1
com.lavacrafter.maptimelinetool.MainActivity$onCreate$1$1$2$1$2$1
com.lavacrafter.maptimelinetool.ui.ComposableSingletons$MapScreenKt$lambda-2$1
com.lavacrafter.maptimelinetool.notification.QuickAddReceiverKt
com.lavacrafter.maptimelinetool.data.PointDao_Impl$8
com.lavacrafter.maptimelinetool.ui.ListScreenKt$ListScreen$1
com.lavacrafter.maptimelinetool.data.AppDatabase_Impl
com.lavacrafter.maptimelinetool.ComposableSingletons$MainActivityKt$lambda-8$1
com.lavacrafter.maptimelinetool.notification.QuickAddService
com.lavacrafter.maptimelinetool.MainActivity$onCreate$1$1
com.lavacrafter.maptimelinetool.data.PointDao_Impl$4
com.lavacrafter.maptimelinetool.data.PointDao_Impl$6
com.lavacrafter.maptimelinetool.ui.MapScreenKt$MapScreen$2
com.lavacrafter.maptimelinetool.R$xml
com.lavacrafter.maptimelinetool.ui.MapScreenKt$MapScreen$9$1$3$1
com.lavacrafter.maptimelinetool.ui.ComposableSingletons$SettingsScreenKt$lambda-2$1
com.lavacrafter.maptimelinetool.ui.MapScreenKt$MapScreen$2$invoke$$inlined$onDispose$1
com.lavacrafter.maptimelinetool.ComposableSingletons$MainActivityKt
com.lavacrafter.maptimelinetool.MainActivity$onCreate$1$1$4$1$5
com.lavacrafter.maptimelinetool.MainActivity$onCreate$1$1$3$1$1
com.lavacrafter.maptimelinetool.R$style
com.lavacrafter.maptimelinetool.ui.AddPointDialogKt$AddPointDialog$4$1$2
com.lavacrafter.maptimelinetool.MainActivity$onCreate$1$1$2$1$1$1
com.lavacrafter.maptimelinetool.MapTimelineApp
com.lavacrafter.maptimelinetool.ComposableSingletons$MainActivityKt$lambda-5$1
com.lavacrafter.maptimelinetool.ui.MapScreenKt$MapScreen$7$1$1
com.lavacrafter.maptimelinetool.ui.ComposableSingletons$MapScreenKt$lambda-3$1
com.lavacrafter.maptimelinetool.ui.ComposableSingletons$MapScreenKt$lambda-4$1
com.lavacrafter.maptimelinetool.ui.ComposableSingletons$MapScreenKt$lambda-6$1
com.lavacrafter.maptimelinetool.ui.MapScreenKt$MapScreen$8
com.lavacrafter.maptimelinetool.ComposableSingletons$MainActivityKt$lambda-7$1
...
org.osmdroid.views.overlay.ItemizedOverlayControlView
androidx.room.ColumnInfo$Collate
androidx.compose.foundation.layout.FillElement
androidx.core.app.RemoteActionCompat
org.osmdroid.views.overlay.DefaultOverlayManager$1
androidx.compose.foundation.lazy.layout.TraversablePrefetchStateModifierElement
androidx.room.AutoClosingRoomOpenHelper$AutoClosingSupportSQLiteDatabase$yieldIfContendedSafely$1
androidx.room.util.ViewInfo$Companion
org.osmdroid.util.ListPointL
androidx.compose.foundation.BackgroundElement
org.osmdroid.util.MyMath
androidx.room.AutoClosingRoomOpenHelper
org.osmdroid.tileprovider.tilesource.BitmapTileSourceBase
org.osmdroid.views.overlay.Marker$OnMarkerDragListener
org.osmdroid.SensorEventListenerProxy
com.google.android.material.button.MaterialButton
org.osmdroid.tileprovider.modules.MapTileFileArchiveProvider$TileLoader
org.osmdroid.tileprovider.tilesource.TileSourceFactory$1
org.osmdroid.views.overlay.infowindow.InfoWindow
org.osmdroid.views.overlay.Overlay
org.osmdroid.views.overlay.simplefastpoint.StyledLabelledGeoPoint
androidx.room.RoomDatabaseKt$startTransactionCoroutine$2$1
org.osmdroid.util.TileSystemWebMercator
org.osmdroid.views.overlay.milestones.MilestoneVertexLister
org.osmdroid.tileprovider.cachemanager.CacheManager$1
org.osmdroid.util.LineBuilder
org.osmdroid.api.IProjection
org.osmdroid.events.MapListener
androidx.room.migration.MigrationKt
org.osmdroid.LocationListenerProxy
androidx.room.RoomOpenHelper$ValidationResult
org.osmdroid.views.CustomZoomButtonsController$4
org.osmdroid.tileprovider.TileStates
androidx.room.DeleteTable$Entries
androidx.room.RoomSQLiteQuery$Companion$copyFrom$1
androidx.versionedparcelable.CustomVersionedParcelable
org.osmdroid.tileprovider.tilesource.HEREWeGoTileSource
org.osmdroid.views.overlay.simplefastpoint.SimpleFastPointOverlayOptions$Shape
org.osmdroid.util.SpeechBalloonHelper
org.osmdroid.util.MapTileArea
androidx.room.AutoClosingRoomOpenHelper$AutoClosingSupportSQLiteDatabase$yieldIfContendedSafely$2
androidx.appcompat.widget.DialogTitle
org.osmdroid.views.overlay.ItemizedOverlay$OnFocusChangeListener
androidx.compose.foundation.text.input.internal.LegacyAdaptingPlatformTextInputModifier
androidx.coordinatorlayout.widget.CoordinatorLayout
org.osmdroid.util.TileSystem
androidx.room.DatabaseConfiguration
org.osmdroid.views.overlay.milestones.MilestoneMeterDistanceSliceLister
androidx.room.Embedded
com.google.android.material.floatingactionbutton.ExtendedFloatingActionButton$ExtendedFloatingActionButtonBehavior
org.osmdroid.tileprovider.modules.MapTileApproximater
org.osmdroid.util.SplashScreenable
androidx.room.util.CursorUtil
org.osmdroid.views.overlay.PaintList
android.support.v4.app.RemoteActionCompatParcelizer
androidx.room.TransactionExecutor
org.osmdroid.tileprovider.MapTileProviderBase$ZoomOutTileLooper
org.osmdroid.events.MapEvent
org.osmdroid.views.overlay.ItemizedOverlay
androidx.room.MultiInstanceInvalidationClient$callback$1
org.osmdroid.tileprovider.modules.TileWriter: java.lang.Thread initThread
org.osmdroid.tileprovider.ExpirableBitmapDrawable: int EXPIRED
androidx.room.InvalidationTracker$ObserverWrapper: int[] tableIds
org.osmdroid.views.overlay.SpeechBalloonOverlay: android.graphics.Paint mDragForeground
org.osmdroid.tileprovider.modules.TileWriter: boolean hasInited
org.osmdroid.tileprovider.tilesource.bing.BingMapTileSource: java.lang.String mLocale
androidx.room.MultiInstanceInvalidationService$callbackList$1: androidx.room.MultiInstanceInvalidationService this$0
org.osmdroid.views.CustomZoomButtonsController$2: org.osmdroid.views.CustomZoomButtonsController this$0
org.osmdroid.views.drawing.MapSnapshot: int INCLUDE_FLAG_SCALED
org.osmdroid.tileprovider.TileStates: java.util.Collection mRunAfters
androidx.room.ForeignKey: int SET_NULL
org.osmdroid.util.TileSystemWebMercator: double MinLongitude
org.osmdroid.views.MapViewRepository: android.graphics.drawable.Drawable mDefaultMarkerIcon