app/build/outputs/mapping/release/usage.txt
com.lavacrafter.maptimelinetool.MainActivity:
    static void <clinit>()
com.lavacrafter.maptimelinetool.MapTimelineApp:
    static void <clinit>()
com.lavacrafter.maptimelinetool.data.PointEntity:
    static void <clinit>()
com.lavacrafter.maptimelinetool.data.PointRepository:
    static void <clinit>()
com.lavacrafter.maptimelinetool.notification.QuickAddReceiver:
    static void <clinit>()
com.lavacrafter.maptimelinetool.ui.AppViewModel:
    static void <clinit>()
...
androidx.compose.material3.AppBarKt$SingleRowTopAppBar$4:
    public final synthetic int $$default
    public final synthetic boolean $centeredTitle
    public final synthetic androidx.compose.material3.TopAppBarScrollBehavior $scrollBehavior
    public final void invoke(androidx.compose.runtime.Composer,int)
androidx.compose.material3.AppBarKt$SingleRowTopAppBar$actionsRow$1:
    public final void invoke(androidx.compose.runtime.Composer,int)
androidx.compose.material3.AppBarKt$SingleRowTopAppBar$appBarDragModifier$1$1
androidx.compose.material3.AppBarKt$SingleRowTopAppBar$appBarDragModifier$2$1
androidx.compose.material3.AppBarKt$SingleRowTopAppBar$colorTransitionFraction$2$1:
    public final synthetic androidx.compose.material3.TopAppBarScrollBehavior $scrollBehavior
    public final java.lang.Float invoke$1()
androidx.compose.material3.AppBarKt$TopAppBar$2:
    public final synthetic int $$default
    public final synthetic androidx.compose.material3.TopAppBarScrollBehavior $scrollBehavior
    public final void invoke(androidx.compose.runtime.Composer,int)
androidx.compose.material3.AppBarKt$TopAppBarLayout$1$2
androidx.compose.material3.AppBarKt$TopAppBarLayout$2$1$1:
    public final void invoke$8()
androidx.compose.material3.AppBarKt$TopAppBarLayout$3:
    public final synthetic boolean $hideTitleSemantics
    public final synthetic float $titleAlpha
    public final synthetic int $titleBottomPadding
    public final void invoke(androidx.compose.runtime.Composer,int)
androidx.compose.material3.AppBarKt$settleAppBar$1
androidx.compose.material3.AppBarKt$settleAppBar$2
androidx.compose.material3.AppBarKt$settleAppBar$3
androidx.compose.material3.AppBarKt:
    public static final float BottomAppBarHorizontalPadding
    public static final float BottomAppBarVerticalPadding
    public static final float FABHorizontalPadding
    public static final float FABVerticalPadding
    public static final float LargeTitleBottomPadding
    public static final float MediumTitleBottomPadding
    public static final androidx.compose.animation.core.CubicBezierEasing TopTitleAlphaEasing
    public static final void access$settleAppBar(kotlin.coroutines.Continuation)
androidx.compose.material3.ButtonColors:
    static void <clinit>()
    public static long containerColor-vNxB06k$material3_release()
    public static long contentColor-vNxB06k$material3_release()
androidx.compose.material3.ButtonDefaults:
    public static final float ButtonHorizontalPadding
    public static final float ButtonVerticalPadding
    public static final androidx.compose.foundation.layout.PaddingValues ButtonWithIconContentPadding
    public static final float ButtonWithIconHorizontalStartPadding
    public static final androidx.compose.material3.ButtonDefaults INSTANCE
    public static final float IconSize
    public static final float IconSpacing
    public static final float TextButtonHorizontalPadding
    public static final androidx.compose.foundation.layout.PaddingValues TextButtonWithIconContentPadding
    public static final float TextButtonWithIconHorizontalEndPadding
    public static androidx.compose.material3.ButtonColors buttonColors()
    public static androidx.compose.material3.ButtonElevation buttonElevation-R_JCAzs()
    public static androidx.compose.foundation.layout.PaddingValues getContentPadding()
    public static androidx.compose.material3.ButtonColors getDefaultButtonColors$material3_release()
    public static androidx.compose.material3.ButtonColors getDefaultOutlinedButtonColors$material3_release()
    public static androidx.compose.material3.ButtonColors getDefaultTextButtonColors$material3_release()
    public static float getMinHeight-D9Ej5fM()
    public static float getMinWidth-D9Ej5fM()
    public static androidx.compose.ui.graphics.Shape getOutlinedShape()
    public static androidx.compose.ui.graphics.Shape getShape()
androidx.compose.material3.ButtonElevation$animateElevation$1$1$1:
    public final java.lang.Object emit()